<?xml version="1.0" encoding="UTF-8"?>
<!-- Generated by org.testng.reporters.JUnitReportReporter -->
<testsuite hostname="PoliEvg" failures="0" tests="1" name="MainTest" time="4.528" errors="0" timestamp="2021-01-16T19:09:50 GMT+06:00" skipped="0">
  <testcase classname="MainTest" name="bigPositiveTest" time="4.528"/>
  <system-out/>
</testsuite> <!-- MainTest -->
